# Nmap 7.92 scan initiated Sun Apr 24 15:46:16 2022 as: nmap -vvv -p 22,80 -sV -sC -oN nmap.out 10.129.133.172
Nmap scan report for pandora.htb (10.129.133.172)
Host is up, received syn-ack (0.012s latency).
Scanned at 2022-04-24 15:46:16 EDT for 6s

PORT   STATE SERVICE REASON  VERSION
22/tcp open  ssh     syn-ack OpenSSH 8.2p1 Ubuntu 4ubuntu0.3 (Ubuntu Linux; protocol 2.0)
| ssh-hostkey: 
|   3072 24:c2:95:a5:c3:0b:3f:f3:17:3c:68:d7:af:2b:53:38 (RSA)
| ssh-rsa AAAAB3NzaC1yc2EAAAADAQABAAABgQDPIYGoHvNFwTTboYexVGcZzbSLJQsxKopZqrHVTeF8oEIu0iqn7E5czwVkxRO/icqaDqM+AB3QQVcZSDaz//XoXsT/NzNIbb9SERrcK/n8n9or4IbXBEtXhRvltS8NABsOTuhiNo/2fdPYCVJ/HyF5YmbmtqUPols6F5y/MK2Yl3eLMOdQQeax4AWSKVAsR+issSZlN2rADIvpboV7YMoo3ktlHKz4hXlX6FWtfDN/ZyokDNNpgBbr7N8zJ87+QfmNuuGgmcZzxhnzJOzihBHIvdIM4oMm4IetfquYm1WKG3s5q70jMFrjp4wCyEVbxY+DcJ54xjqbaNHhVwiSWUZnAyWe4gQGziPdZH2ULY+n3iTze+8E4a6rxN3l38d1r4THoru88G56QESiy/jQ8m5+Ang77rSEaT3Fnr6rnAF5VG1+kiA36rMIwLabnxQbAWnApRX9CHBpMdBj7v8oLhCRn7ZEoPDcD1P2AASdaDJjRMuR52YPDlUSDd8TnI/DFFs=
|   256 b1:41:77:99:46:9a:6c:5d:d2:98:2f:c0:32:9a:ce:03 (ECDSA)
| ecdsa-sha2-nistp256 AAAAE2VjZHNhLXNoYTItbmlzdHAyNTYAAAAIbmlzdHAyNTYAAABBBNNJGh4HcK3rlrsvCbu0kASt7NLMvAUwB51UnianAKyr9H0UBYZnOkVZhIjDea3F/CxfOQeqLpanqso/EqXcT9w=
|   256 e7:36:43:3b:a9:47:8a:19:01:58:b2:bc:89:f6:51:08 (ED25519)
|_ssh-ed25519 AAAAC3NzaC1lZDI1NTE5AAAAIOCMYY9DMj/I+Rfosf+yMuevI7VFIeeQfZSxq67EGxsb
80/tcp open  http    syn-ack Apache httpd 2.4.41 ((Ubuntu))
| http-methods: 
|_  Supported Methods: OPTIONS HEAD GET POST
|_http-title: Play | Landing
|_http-favicon: Unknown favicon MD5: 115E49F9A03BB97DEB840A3FE185434C
|_http-server-header: Apache/2.4.41 (Ubuntu)
Service Info: OS: Linux; CPE: cpe:/o:linux:linux_kernel

Read data files from: /usr/bin/../share/nmap
Service detection performed. Please report any incorrect results at https://nmap.org/submit/ .
# Nmap done at Sun Apr 24 15:46:23 2022 -- 1 IP address (1 host up) scanned in 6.91 seconds
